Determining if the pthread_create exist failed with the following output:
Change Dir: /home/viewsharp/GitHub/Pacman/CMakeFiles/CMakeTmp

Run Build Command:"/usr/bin/make" "cmTC_574c1/fast"
/usr/bin/make -f CMakeFiles/cmTC_574c1.dir/build.make CMakeFiles/cmTC_574c1.dir/build
make[1]: вход в каталог «/home/viewsharp/GitHub/Pacman/CMakeFiles/CMakeTmp»
Building C object CMakeFiles/cmTC_574c1.dir/CheckSymbolExists.c.o
/usr/bin/cc     -o CMakeFiles/cmTC_574c1.dir/CheckSymbolExists.c.o   -c /home/viewsharp/GitHub/Pacman/CMakeFiles/CMakeTmp/CheckSymbolExists.c
Linking C executable cmTC_574c1
/usr/bin/cmake -E cmake_link_script CMakeFiles/cmTC_574c1.dir/link.txt --verbose=1
/usr/bin/cc       CMakeFiles/cmTC_574c1.dir/CheckSymbolExists.c.o  -o cmTC_574c1 -rdynamic 
CMakeFiles/cmTC_574c1.dir/CheckSymbolExists.c.o: In function `main':
CheckSymbolExists.c:(.text+0x16): undefined reference to `pthread_create'
collect2: error: ld returned 1 exit status
CMakeFiles/cmTC_574c1.dir/build.make:97: ошибка выполнения рецепта для цели «cmTC_574c1»
make[1]: *** [cmTC_574c1] Ошибка 1
make[1]: выход из каталога «/home/viewsharp/GitHub/Pacman/CMakeFiles/CMakeTmp»
Makefile:126: ошибка выполнения рецепта для цели «cmTC_574c1/fast»
make: *** [cmTC_574c1/fast] Ошибка 2

File /home/viewsharp/GitHub/Pacman/CMakeFiles/CMakeTmp/CheckSymbolExists.c:
/* */
#include <pthread.h>

int main(int argc, char** argv)
{
  (void)argv;
#ifndef pthread_create
  return ((int*)(&pthread_create))[argc];
#else
  (void)argc;
  return 0;
#endif
}

Determining if the function pthread_create exists in the pthreads failed with the following output:
Change Dir: /home/viewsharp/GitHub/Pacman/CMakeFiles/CMakeTmp

Run Build Command:"/usr/bin/make" "cmTC_da65c/fast"
/usr/bin/make -f CMakeFiles/cmTC_da65c.dir/build.make CMakeFiles/cmTC_da65c.dir/build
make[1]: вход в каталог «/home/viewsharp/GitHub/Pacman/CMakeFiles/CMakeTmp»
Building C object CMakeFiles/cmTC_da65c.dir/CheckFunctionExists.c.o
/usr/bin/cc    -DCHECK_FUNCTION_EXISTS=pthread_create   -o CMakeFiles/cmTC_da65c.dir/CheckFunctionExists.c.o   -c /usr/share/cmake-3.5/Modules/CheckFunctionExists.c
Linking C executable cmTC_da65c
/usr/bin/cmake -E cmake_link_script CMakeFiles/cmTC_da65c.dir/link.txt --verbose=1
/usr/bin/cc   -DCHECK_FUNCTION_EXISTS=pthread_create    CMakeFiles/cmTC_da65c.dir/CheckFunctionExists.c.o  -o cmTC_da65c -rdynamic -lpthreads 
/usr/bin/ld: cannot find -lpthreads
collect2: error: ld returned 1 exit status
CMakeFiles/cmTC_da65c.dir/build.make:97: ошибка выполнения рецепта для цели «cmTC_da65c»
make[1]: *** [cmTC_da65c] Ошибка 1
make[1]: выход из каталога «/home/viewsharp/GitHub/Pacman/CMakeFiles/CMakeTmp»
Makefile:126: ошибка выполнения рецепта для цели «cmTC_da65c/fast»
make: *** [cmTC_da65c/fast] Ошибка 2


